<?xml version="1.0" encoding="UTF-8"?>
<!-- Generated by org.testng.reporters.JUnitReportReporter -->
<testsuite hostname="Pravalika" failures="0" tests="1" name="testNG.SampleTest" time="0.014" errors="0" timestamp="2024-08-28T16:04:22 IST" skipped="0">
  <testcase classname="testNG.SampleTest" name="test0" time="0.014"/>
  <system-out>
    <![CDATA[Hi!... Pravalika]]>
  </system-out>
</testsuite> <!-- testNG.SampleTest -->
