<?xml version="1.0" encoding="UTF-8"?>
<!-- Generated by org.testng.reporters.JUnitReportReporter -->
<testsuite hostname="Pravalika" failures="0" tests="1" name="groupExecution.Test4" time="0.002" errors="0" timestamp="2024-08-26T20:38:14 IST" skipped="0">
  <testcase classname="groupExecution.Test4" name="test2" time="0.002"/>
  <system-out/>
</testsuite> <!-- groupExecution.Test4 -->
