<?xml version="1.0" encoding="UTF-8"?>
<!-- Generated by org.testng.reporters.JUnitReportReporter -->
<testsuite hostname="Pravalika" failures="0" tests="1" name="annotations.TestClass" time="0.006" errors="0" timestamp="2024-08-26T15:32:51 IST" skipped="0">
  <testcase classname="annotations.TestClass" name="testMethod" time="0.006"/>
  <system-out/>
</testsuite> <!-- annotations.TestClass -->
