<?xml version="1.0" encoding="UTF-8"?>
<!-- Generated by org.testng.reporters.JUnitReportReporter -->
<testsuite hostname="Pravalika" failures="0" tests="3" name="crossBrowserTesting.Test2" time="13.477" errors="0" timestamp="2024-08-28T14:43:55 IST" skipped="0">
  <testcase classname="crossBrowserTesting.Test2" name="primeVideoTest" time="3.712"/>
  <system-out/>
  <testcase classname="crossBrowserTesting.Test2" name="primeVideoTest" time="3.518"/>
  <system-out/>
  <testcase classname="crossBrowserTesting.Test2" name="primeVideoTest" time="6.247"/>
  <system-out/>
</testsuite> <!-- crossBrowserTesting.Test2 -->
