<?xml version="1.0" encoding="UTF-8"?>
<!-- Generated by org.testng.reporters.JUnitReportReporter -->
<testsuite hostname="Pravalika" failures="0" tests="3" name="crossBrowserTesting.Test1" time="29.726" errors="0" timestamp="2024-08-28T14:43:55 IST" skipped="0">
  <testcase classname="crossBrowserTesting.Test1" name="swiggyTest" time="15.192"/>
  <system-out/>
  <testcase classname="crossBrowserTesting.Test1" name="swiggyTest" time="2.451"/>
  <system-out/>
  <testcase classname="crossBrowserTesting.Test1" name="swiggyTest" time="12.083"/>
  <system-out/>
</testsuite> <!-- crossBrowserTesting.Test1 -->
