<?xml version="1.0" encoding="UTF-8"?>
<!-- Generated by org.testng.reporters.JUnitReportReporter -->
<testsuite hostname="Pravalika" failures="0" tests="2" name="groupExecution.Test1" time="0.013" errors="0" timestamp="2024-08-26T20:38:30 IST" skipped="0">
  <testcase classname="groupExecution.Test1" name="test2" time="0.012"/>
  <system-out/>
  <testcase classname="groupExecution.Test1" name="test3" time="0.001"/>
  <system-out/>
</testsuite> <!-- groupExecution.Test1 -->
