<?xml version="1.0" encoding="UTF-8"?>
<!-- Generated by org.testng.reporters.JUnitReportReporter -->
<testsuite hostname="Pravalika" failures="0" tests="2" name="testNG.DependsOnMethodsTest" time="25.743" errors="0" timestamp="2024-08-28T16:04:22 IST" skipped="0">
  <testcase classname="testNG.DependsOnMethodsTest" name="navigateToApp" time="18.725"/>
  <system-out/>
  <testcase classname="testNG.DependsOnMethodsTest" name="loginToApp" time="7.018"/>
  <system-out/>
</testsuite> <!-- testNG.DependsOnMethodsTest -->
