<?xml version="1.0" encoding="UTF-8"?>
<!-- Generated by org.testng.reporters.JUnitReportReporter -->
<testsuite hostname="Pravalika" failures="0" tests="3" name="testNG.EnabledTest" time="0.002" errors="0" timestamp="2024-08-28T16:04:22 IST" skipped="1">
  <testcase classname="testNG.EnabledTest" name="demo3" time="0.001"/>
  <system-out>
    <![CDATA[demo1]]>
  </system-out>
  <testcase classname="testNG.EnabledTest" name="demo2" time="0.001"/>
  <system-out>
    <![CDATA[demo1]]>
  </system-out>
  <testcase classname="testNG.EnabledTest" name="demo4">
    <skipped/>
  </testcase> <!-- demo4 -->
  <system-out/>
</testsuite> <!-- testNG.EnabledTest -->
