<?xml version="1.0" encoding="UTF-8"?>
<!-- Generated by org.testng.reporters.JUnitReportReporter -->
<testsuite hostname="Pravalika" failures="0" tests="1" name="assertions.WhyNotIfElse" time="0.006" errors="0" timestamp="2024-08-28T15:41:41 IST" skipped="0">
  <testcase classname="assertions.WhyNotIfElse" name="demo" time="0.006"/>
  <system-out/>
</testsuite> <!-- assertions.WhyNotIfElse -->
