<?xml version="1.0" encoding="UTF-8"?>
<!-- Generated by org.testng.reporters.JUnitReportReporter -->
<testsuite hostname="Pravalika" failures="0" tests="3" name="testNG.InvocationCountTest" time="0.003" errors="0" timestamp="2024-08-28T16:04:22 IST" skipped="0">
  <testcase classname="testNG.InvocationCountTest" name="Demo1" time="0.001"/>
  <system-out>
    <![CDATA[demo1]]>
  </system-out>
  <testcase classname="testNG.InvocationCountTest" name="Demo1" time="0.001"/>
  <system-out>
    <![CDATA[demo1]]>
  </system-out>
  <testcase classname="testNG.InvocationCountTest" name="Demo2" time="0.001"/>
  <system-out>
    <![CDATA[demo2]]>
  </system-out>
</testsuite> <!-- testNG.InvocationCountTest -->
