<?xml version="1.0" encoding="UTF-8"?>
<!-- Generated by org.testng.reporters.JUnitReportReporter -->
<testsuite hostname="Pravalika" failures="0" tests="2" name="distributionParallel.Test1" time="0.004" errors="0" timestamp="2024-08-28T16:18:52 IST" skipped="0">
  <testcase classname="distributionParallel.Test1" name="demo1" time="0.001"/>
  <system-out/>
  <testcase classname="distributionParallel.Test1" name="demo2" time="0.003"/>
  <system-out/>
</testsuite> <!-- distributionParallel.Test1 -->
