<?xml version="1.0" encoding="UTF-8"?>
<!-- Generated by org.testng.reporters.JUnitReportReporter -->
<testsuite hostname="Pravalika" failures="0" tests="5" name="testNG.PrioritizeTests" time="0.010" errors="0" timestamp="2024-08-28T16:04:22 IST" skipped="0">
  <testcase classname="testNG.PrioritizeTests" name="demo5" time="0.002"/>
  <system-out>
    <![CDATA[demo5]]>
  </system-out>
  <testcase classname="testNG.PrioritizeTests" name="demo4" time="0.002"/>
  <system-out>
    <![CDATA[demo4]]>
  </system-out>
  <testcase classname="testNG.PrioritizeTests" name="demo3" time="0.002"/>
  <system-out>
    <![CDATA[demo3]]>
  </system-out>
  <testcase classname="testNG.PrioritizeTests" name="demo2" time="0.002"/>
  <system-out>
    <![CDATA[demo2]]>
  </system-out>
  <testcase classname="testNG.PrioritizeTests" name="demo1" time="0.002"/>
  <system-out>
    <![CDATA[demo1]]>
  </system-out>
</testsuite> <!-- testNG.PrioritizeTests -->
