<?xml version="1.0" encoding="UTF-8"?>
<!-- Generated by org.testng.reporters.JUnitReportReporter -->
<testsuite hostname="Pravalika" failures="0" tests="1" name="assertions.SoftAssert" time="0.007" errors="0" timestamp="2024-08-28T15:32:36 IST" skipped="0">
  <testcase classname="assertions.SoftAssert" name="demo" time="0.007"/>
  <system-out/>
</testsuite> <!-- assertions.SoftAssert -->
